<?xml version="1.0" encoding="UTF-8"?>
<!-- Generated by org.testng.reporters.JUnitXMLReporter -->
<testsuite hostname="LAPTOP-L9UCM8I3" name="Freelisting" tests="6" failures="0" timestamp="17 Mar 2022 07:16:40 GMT" time="32.639" errors="0">
  <testcase name="launch" time="12.113" classname="com.justdial.testcases.FreelistingTestCases"/>
  <testcase name="allNullValues" time="2.481" classname="com.justdial.testcases.FreelistingTestCases"/>
  <testcase name="companyNullValue" time="0.609" classname="com.justdial.testcases.FreelistingTestCases"/>
  <testcase name="mobileNullValue" time="4.041" classname="com.justdial.testcases.FreelistingTestCases"/>
  <testcase name="cityNullvalue" time="4.062" classname="com.justdial.testcases.FreelistingTestCases"/>
  <testcase name="validDataTest" time="1.844" classname="com.justdial.testcases.FreelistingTestCases"/>
</testsuite> <!-- Freelisting -->
