<?xml version="1.0" encoding="UTF-8"?>
<!-- Generated by org.testng.reporters.JUnitXMLReporter -->
<testsuite hostname="LAPTOP-L9UCM8I3" name="Homepage" tests="9" failures="0" timestamp="17 Mar 2022 07:16:07 GMT" time="201.857" errors="0">
  <testcase name="websiteTest" time="0.015" classname="com.justdial.testcases.HomepageTestCases"/>
  <testcase name="elementsTest" time="0.124" classname="com.justdial.testcases.HomepageTestCases"/>
  <testcase name="loginPageTest" time="0.118" classname="com.justdial.testcases.HomepageTestCases"/>
  <testcase name="locationTest" time="3.175" classname="com.justdial.testcases.HomepageTestCases"/>
  <testcase name="searchingTest" time="2.149" classname="com.justdial.testcases.HomepageTestCases"/>
  <testcase name="resultPageTest" time="0.029" classname="com.justdial.testcases.HomepageTestCases"/>
  <testcase name="bestdealsTest" time="3.285" classname="com.justdial.testcases.HomepageTestCases"/>
  <testcase name="ratingCheck" time="0.063" classname="com.justdial.testcases.HomepageTestCases"/>
  <testcase name="printData" time="185.094" classname="com.justdial.testcases.HomepageTestCases"/>
</testsuite> <!-- Homepage -->
